<?xml version="1.0" encoding="UTF-8"?>
<testng-results ignored="0" total="2" passed="1" failed="1" skipped="0">
  <reporter-output>
  </reporter-output>
  <suite started-at="2022-07-19T02:20:45 IST" name="Default suite" finished-at="2022-07-19T02:23:45 IST" duration-ms="179457">
    <groups>
      <group name="Regression">
        <method signature="HomePageCategoryPanel.validateCategories()[pri:2, instance:com.timesOfIndia.tests.HomePageCategoryPanel@2b48a640]" name="validateCategories" class="com.timesOfIndia.tests.HomePageCategoryPanel"/>
        <method signature="HomePageCategoryPanel.validateHomePanel()[pri:1, instance:com.timesOfIndia.tests.HomePageCategoryPanel@2b48a640]" name="validateHomePanel" class="com.timesOfIndia.tests.HomePageCategoryPanel"/>
      </group> <!-- Regression -->
      <group name="Smoke">
        <method signature="HomePageCategoryPanel.validateCategories()[pri:2, instance:com.timesOfIndia.tests.HomePageCategoryPanel@2b48a640]" name="validateCategories" class="com.timesOfIndia.tests.HomePageCategoryPanel"/>
        <method signature="HomePageCategoryPanel.validateHomePanel()[pri:1, instance:com.timesOfIndia.tests.HomePageCategoryPanel@2b48a640]" name="validateHomePanel" class="com.timesOfIndia.tests.HomePageCategoryPanel"/>
      </group> <!-- Smoke -->
    </groups>
    <test started-at="2022-07-19T02:20:45 IST" name="Default test" finished-at="2022-07-19T02:23:45 IST" duration-ms="179457">
      <class name="com.timesOfIndia.tests.HomePageCategoryPanel">
        <test-method is-config="true" signature="beforeSuite()[pri:0, instance:com.timesOfIndia.tests.HomePageCategoryPanel@2b48a640]" started-at="2022-07-19T02:20:45 IST" name="beforeSuite" finished-at="2022-07-19T02:20:45 IST" duration-ms="18" status="PASS">
          <reporter-output>
          </reporter-output>
        </test-method> <!-- beforeSuite -->
        <test-method is-config="true" signature="setUp()[pri:0, instance:com.timesOfIndia.tests.HomePageCategoryPanel@2b48a640]" started-at="2022-07-19T02:20:45 IST" name="setUp" finished-at="2022-07-19T02:21:14 IST" duration-ms="28409" status="PASS">
          <reporter-output>
          </reporter-output>
        </test-method> <!-- setUp -->
        <test-method is-config="true" signature="before()[pri:0, instance:com.timesOfIndia.tests.HomePageCategoryPanel@2b48a640]" started-at="2022-07-19T02:21:14 IST" name="before" finished-at="2022-07-19T02:21:14 IST" duration-ms="0" status="PASS">
          <reporter-output>
          </reporter-output>
        </test-method> <!-- before -->
        <test-method signature="validateHomePanel()[pri:1, instance:com.timesOfIndia.tests.HomePageCategoryPanel@2b48a640]" started-at="2022-07-19T02:21:14 IST" name="validateHomePanel" finished-at="2022-07-19T02:23:09 IST" duration-ms="114676" status="PASS">
          <reporter-output>
          </reporter-output>
        </test-method> <!-- validateHomePanel -->
        <test-method is-config="true" signature="before()[pri:0, instance:com.timesOfIndia.tests.HomePageCategoryPanel@2b48a640]" started-at="2022-07-19T02:23:09 IST" name="before" finished-at="2022-07-19T02:23:09 IST" duration-ms="0" status="PASS">
          <reporter-output>
          </reporter-output>
        </test-method> <!-- before -->
        <test-method signature="validateCategories()[pri:2, instance:com.timesOfIndia.tests.HomePageCategoryPanel@2b48a640]" started-at="2022-07-19T02:23:09 IST" name="validateCategories" finished-at="2022-07-19T02:23:45 IST" duration-ms="36292" status="FAIL">
          <exception class="java.lang.AssertionError">
            <message>
              <![CDATA[Unable to select the provided category from the panel]]>
            </message>
            <full-stacktrace>
              <![CDATA[java.lang.AssertionError: Unable to select the provided category from the panel
at org.testng.Assert.fail(Assert.java:99)
at com.timesOfIndia.actions.HomePageActions.selectCategoryFromNavPanel(HomePageActions.java:59)
at com.timesOfIndia.tests.HomePageCategoryPanel.validateCategories(HomePageCategoryPanel.java:48)
at java.base/jdk.internal.reflect.NativeMethodAccessorImpl.invoke0(Native Method)
at java.base/jdk.internal.reflect.NativeMethodAccessorImpl.invoke(NativeMethodAccessorImpl.java:64)
at java.base/jdk.internal.reflect.DelegatingMethodAccessorImpl.invoke(DelegatingMethodAccessorImpl.java:43)
at java.base/java.lang.reflect.Method.invoke(Method.java:564)
at org.testng.internal.MethodInvocationHelper.invokeMethod(MethodInvocationHelper.java:133)
at org.testng.internal.TestInvoker.invokeMethod(TestInvoker.java:598)
at org.testng.internal.TestInvoker.invokeTestMethod(TestInvoker.java:173)
at org.testng.internal.MethodRunner.runInSequence(MethodRunner.java:46)
at org.testng.internal.TestInvoker$MethodInvocationAgent.invoke(TestInvoker.java:824)
at org.testng.internal.TestInvoker.invokeTestMethods(TestInvoker.java:146)
at org.testng.internal.TestMethodWorker.invokeTestMethods(TestMethodWorker.java:146)
at org.testng.internal.TestMethodWorker.run(TestMethodWorker.java:128)
at java.base/java.util.ArrayList.forEach(ArrayList.java:1511)
at org.testng.TestRunner.privateRun(TestRunner.java:794)
at org.testng.TestRunner.run(TestRunner.java:596)
at org.testng.SuiteRunner.runTest(SuiteRunner.java:377)
at org.testng.SuiteRunner.runSequentially(SuiteRunner.java:371)
at org.testng.SuiteRunner.privateRun(SuiteRunner.java:332)
at org.testng.SuiteRunner.run(SuiteRunner.java:276)
at org.testng.SuiteRunnerWorker.runSuite(SuiteRunnerWorker.java:53)
at org.testng.SuiteRunnerWorker.run(SuiteRunnerWorker.java:96)
at org.testng.TestNG.runSuitesSequentially(TestNG.java:1212)
at org.testng.TestNG.runSuitesLocally(TestNG.java:1134)
at org.testng.TestNG.runSuites(TestNG.java:1063)
at org.testng.TestNG.run(TestNG.java:1031)
at org.testng.remote.AbstractRemoteTestNG.run(AbstractRemoteTestNG.java:115)
at org.testng.remote.RemoteTestNG.initAndRun(RemoteTestNG.java:251)
at org.testng.remote.RemoteTestNG.main(RemoteTestNG.java:77)
]]>
            </full-stacktrace>
          </exception> <!-- java.lang.AssertionError -->
          <reporter-output>
          </reporter-output>
        </test-method> <!-- validateCategories -->
        <test-method is-config="true" signature="tearDown()[pri:0, instance:com.timesOfIndia.tests.HomePageCategoryPanel@2b48a640]" started-at="2022-07-19T02:23:45 IST" name="tearDown" finished-at="2022-07-19T02:23:45 IST" duration-ms="0" status="PASS">
          <reporter-output>
          </reporter-output>
        </test-method> <!-- tearDown -->
      </class> <!-- com.timesOfIndia.tests.HomePageCategoryPanel -->
    </test> <!-- Default test -->
  </suite> <!-- Default suite -->
</testng-results>
